This is pdfTeX, Version 3.14159265-2.6-1.40.19 (MiKTeX 2.9.6730 64-bit) (preloaded format=pdflatex 2018.10.23)  13 MAR 2019 09:37
entering extended mode
**"D:/GitHub/LogikLehrtoolsReact/Bachelorarbeit (Doku)/alt/paper.tex"
("D:/GitHub/LogikLehrtoolsReact/Bachelorarbeit (Doku)/alt/paper.tex"
LaTeX2e <2018-04-01> patch level 5
(D:\MikTex\tex\latex\base\report.cls
Document Class: report 2014/09/29 v1.4h Standard LaTeX document class
(D:\MikTex\tex\latex\base\size12.clo
File: size12.clo 2014/09/29 v1.4h Standard LaTeX file (size option)
)
\c@part=\count80
\c@chapter=\count81
\c@section=\count82
\c@subsection=\count83
\c@subsubsection=\count84
\c@paragraph=\count85
\c@subparagraph=\count86
\c@figure=\count87
\c@table=\count88
\abovecaptionskip=\skip41
\belowcaptionskip=\skip42
\bibindent=\dimen102
) (D:\MikTex\tex\latex\epsf\epsf.sty
This is `epsf.tex' v2.7.4 <14 February 2011>
\epsffilein=\read1
\epsfframemargin=\dimen103
\epsfframethickness=\dimen104
\epsfrsize=\dimen105
\epsftmp=\dimen106
\epsftsize=\dimen107
\epsfxsize=\dimen108
\epsfysize=\dimen109
\pspoints=\dimen110
) (D:\MikTex\tex\generic\german\german.sty v2.5e 1998-07-08
Package: german 1998/07/08 v2.5e Support for writing german texts (br)
\grmnU@D=\dimen111
german -- \language number for Austrian undefined, default 24 used.
)
(D:\MikTex\tex\latex\graphics\graphics.sty
Package: graphics 2017/06/25 v1.2c Standard LaTeX Graphics (DPC,SPQR)

(D:\MikTex\tex\latex\graphics\trig.sty
Package: trig 2016/01/03 v1.10 sin cos tan (DPC)
)
(D:\MikTex\tex\latex\graphics-cfg\graphics.cfg
File: graphics.cfg 2016/06/04 v1.11 sample graphics configuration
)
Package graphics Info: Driver file: pdftex.def on input line 99.

(D:\MikTex\tex\latex\graphics-def\pdftex.def
File: pdftex.def 2018/01/08 v1.0l Graphics/color driver for pdftex
))
(D:\MikTex\tex\latex\graphics\graphicx.sty
Package: graphicx 2017/06/01 v1.1a Enhanced LaTeX Graphics (DPC,SPQR)

(D:\MikTex\tex\latex\graphics\keyval.sty
Package: keyval 2014/10/28 v1.15 key=value parser (DPC)
\KV@toks@=\toks14
)
\Gin@req@height=\dimen112
\Gin@req@width=\dimen113
)
(D:\MikTex\tex\latex\base\inputenc.sty
Package: inputenc 2018/04/06 v1.3b Input encoding file
\inpenc@prehook=\toks15
\inpenc@posthook=\toks16
) (D:\MikTex\tex\latex\float\float.sty
Package: float 2001/11/08 v1.3d Float enhancements (AL)
\c@float@type=\count89
\float@exts=\toks17
\float@box=\box26
\@float@everytoks=\toks18
\@floatcapt=\box27
)
(D:\MikTex\tex\latex\base\latexsym.sty
Package: latexsym 1998/08/17 v2.2e Standard LaTeX package (lasy symbols)
\symlasy=\mathgroup4
LaTeX Font Info:    Overwriting symbol font `lasy' in version `bold'
(Font)                  U/lasy/m/n --> U/lasy/b/n on input line 52.
)
(D:\MikTex\tex\latex\caption\caption.sty
Package: caption 2018/10/06 v3.3-154 Customizing captions (AR)

(D:\MikTex\tex\latex\caption\caption3.sty
Package: caption3 2018/09/12 v1.8c caption3 kernel (AR)
Package caption3 Info: TeX engine: e-TeX on input line 64.
\captionmargin=\dimen114
\captionmargin@=\dimen115
\captionwidth=\dimen116
\caption@tempdima=\dimen117
\caption@indent=\dimen118
\caption@parindent=\dimen119
\caption@hangindent=\dimen120
)
\c@caption@flags=\count90
\c@ContinuedFloat=\count91
Package caption Info: float package is loaded.
)
(D:\MikTex\tex\latex\graphics\color.sty
Package: color 2016/07/10 v1.1e Standard LaTeX Color (DPC)

(D:\MikTex\tex\latex\graphics-cfg\color.cfg
File: color.cfg 2016/01/02 v1.6 sample color configuration
)
Package color Info: Driver file: pdftex.def on input line 147.
)
(D:\MikTex\tex\latex\hyperref\hyperref.sty
Package: hyperref 2018/02/06 v6.86b Hypertext links for LaTeX

(D:\MikTex\tex\generic\oberdiek\hobsub-hyperref.sty
Package: hobsub-hyperref 2016/05/16 v1.14 Bundle oberdiek, subset hyperref (HO)


(D:\MikTex\tex\generic\oberdiek\hobsub-generic.sty
Package: hobsub-generic 2016/05/16 v1.14 Bundle oberdiek, subset generic (HO)
Package: hobsub 2016/05/16 v1.14 Construct package bundles (HO)
Package: infwarerr 2016/05/16 v1.4 Providing info/warning/error messages (HO)
Package: ltxcmds 2016/05/16 v1.23 LaTeX kernel commands for general use (HO)
Package: ifluatex 2016/05/16 v1.4 Provides the ifluatex switch (HO)
Package ifluatex Info: LuaTeX not detected.
Package: ifvtex 2016/05/16 v1.6 Detect VTeX and its facilities (HO)
Package ifvtex Info: VTeX not detected.
Package: intcalc 2016/05/16 v1.2 Expandable calculations with integers (HO)
Package: ifpdf 2017/03/15 v3.2 Provides the ifpdf switch
Package: etexcmds 2016/05/16 v1.6 Avoid name clashes with e-TeX commands (HO)
Package etexcmds Info: Could not find \expanded.
(etexcmds)             That can mean that you are not using pdfTeX 1.50 or
(etexcmds)             that some package has redefined \expanded.
(etexcmds)             In the latter case, load this package earlier.
Package: kvsetkeys 2016/05/16 v1.17 Key value parser (HO)
Package: kvdefinekeys 2016/05/16 v1.4 Define keys (HO)
Package: pdftexcmds 2018/01/30 v0.27 Utility functions of pdfTeX for LuaTeX (HO
)
Package pdftexcmds Info: LuaTeX not detected.
Package pdftexcmds Info: \pdf@primitive is available.
Package pdftexcmds Info: \pdf@ifprimitive is available.
Package pdftexcmds Info: \pdfdraftmode found.
Package: pdfescape 2016/05/16 v1.14 Implements pdfTeX's escape features (HO)
Package: bigintcalc 2016/05/16 v1.4 Expandable calculations on big integers (HO
)
Package: bitset 2016/05/16 v1.2 Handle bit-vector datatype (HO)
Package: uniquecounter 2016/05/16 v1.3 Provide unlimited unique counter (HO)
)
Package hobsub Info: Skipping package `hobsub' (already loaded).
Package: letltxmacro 2016/05/16 v1.5 Let assignment for LaTeX macros (HO)
Package: hopatch 2016/05/16 v1.3 Wrapper for package hooks (HO)
Package: xcolor-patch 2016/05/16 xcolor patch
Package: atveryend 2016/05/16 v1.9 Hooks at the very end of document (HO)
Package atveryend Info: \enddocument detected (standard20110627).
Package: atbegshi 2016/06/09 v1.18 At begin shipout hook (HO)
Package: refcount 2016/05/16 v3.5 Data extraction from label references (HO)
Package: hycolor 2016/05/16 v1.8 Color options for hyperref/bookmark (HO)
)
(D:\MikTex\tex\generic\ifxetex\ifxetex.sty
Package: ifxetex 2010/09/12 v0.6 Provides ifxetex conditional
)
(D:\MikTex\tex\latex\oberdiek\auxhook.sty
Package: auxhook 2016/05/16 v1.4 Hooks for auxiliary files (HO)
)
(D:\MikTex\tex\latex\oberdiek\kvoptions.sty
Package: kvoptions 2016/05/16 v3.12 Key value format for package options (HO)
)
\@linkdim=\dimen121
\Hy@linkcounter=\count92
\Hy@pagecounter=\count93

(D:\MikTex\tex\latex\hyperref\pd1enc.def
File: pd1enc.def 2018/02/06 v6.86b Hyperref: PDFDocEncoding definition (HO)
Now handling font encoding PD1 ...
... no UTF-8 mapping file for font encoding PD1
)
\Hy@SavedSpaceFactor=\count94

(D:\MikTex\tex\latex\00miktex\hyperref.cfg
File: hyperref.cfg 2002/06/06 v1.2 hyperref configuration of TeXLive
)
Package hyperref Info: Hyper figures OFF on input line 4509.
Package hyperref Info: Link nesting OFF on input line 4514.
Package hyperref Info: Hyper index ON on input line 4517.
Package hyperref Info: Plain pages OFF on input line 4524.
Package hyperref Info: Backreferencing OFF on input line 4529.
Package hyperref Info: Implicit mode ON; LaTeX internals redefined.
Package hyperref Info: Bookmarks ON on input line 4762.
\c@Hy@tempcnt=\count95
 (D:\MikTex\tex\latex\url\url.sty
\Urlmuskip=\muskip10
Package: url 2013/09/16  ver 3.4  Verb mode for urls, etc.
)
LaTeX Info: Redefining \url on input line 5115.
\XeTeXLinkMargin=\dimen122
\Fld@menulength=\count96
\Field@Width=\dimen123
\Fld@charsize=\dimen124
Package hyperref Info: Hyper figures OFF on input line 6369.
Package hyperref Info: Link nesting OFF on input line 6374.
Package hyperref Info: Hyper index ON on input line 6377.
Package hyperref Info: backreferencing OFF on input line 6384.
Package hyperref Info: Link coloring OFF on input line 6389.
Package hyperref Info: Link coloring with OCG OFF on input line 6394.
Package hyperref Info: PDF/A mode OFF on input line 6399.
LaTeX Info: Redefining \ref on input line 6439.
LaTeX Info: Redefining \pageref on input line 6443.
\Hy@abspage=\count97
\c@Item=\count98
\c@Hfootnote=\count99
)
Package hyperref Info: Driver (autodetected): hpdftex.

(D:\MikTex\tex\latex\hyperref\hpdftex.def
File: hpdftex.def 2018/02/06 v6.86b Hyperref driver for pdfTeX
\Fld@listcount=\count100
\c@bookmark@seq@number=\count101

(D:\MikTex\tex\latex\oberdiek\rerunfilecheck.sty
Package: rerunfilecheck 2016/05/16 v1.8 Rerun checks for auxiliary files (HO)
Package uniquecounter Info: New unique counter `rerunfilecheck' on input line 2
82.
)
\Hy@SectionHShift=\skip43
)
Package hyperref Info: Option `colorlinks' set `true' on input line 33.
 (paper.aux

LaTeX Warning: Label `Hello World Komponente' multiply defined.


LaTeX Warning: Label `fig1_1' multiply defined.


LaTeX Warning: Label `fig1_1' multiply defined.


LaTeX Warning: Label `fig1_1' multiply defined.


LaTeX Warning: Label `fig1_1' multiply defined.


LaTeX Warning: Label `fig1_1' multiply defined.


LaTeX Warning: Label `fig1_1' multiply defined.


LaTeX Warning: Label `fig1_1' multiply defined.


LaTeX Warning: Label `fig1_1' multiply defined.


LaTeX Warning: Label `fig1_1' multiply defined.


LaTeX Warning: Label `fig1_1' multiply defined.

)
\openout1 = `paper.aux'.

LaTeX Font Info:    Checking defaults for OML/cmm/m/it on input line 47.
LaTeX Font Info:    ... okay on input line 47.
LaTeX Font Info:    Checking defaults for T1/cmr/m/n on input line 47.
LaTeX Font Info:    ... okay on input line 47.
LaTeX Font Info:    Checking defaults for OT1/cmr/m/n on input line 47.
LaTeX Font Info:    ... okay on input line 47.
LaTeX Font Info:    Checking defaults for OMS/cmsy/m/n on input line 47.
LaTeX Font Info:    ... okay on input line 47.
LaTeX Font Info:    Checking defaults for OMX/cmex/m/n on input line 47.
LaTeX Font Info:    ... okay on input line 47.
LaTeX Font Info:    Checking defaults for U/cmr/m/n on input line 47.
LaTeX Font Info:    ... okay on input line 47.
LaTeX Font Info:    Checking defaults for PD1/pdf/m/n on input line 47.
LaTeX Font Info:    ... okay on input line 47.
 (D:\MikTex\tex\context\base\supp-pdf.mkii
[Loading MPS to PDF converter (version 2006.09.02).]
\scratchcounter=\count102
\scratchdimen=\dimen125
\scratchbox=\box28
\nofMPsegments=\count103
\nofMParguments=\count104
\everyMPshowfont=\toks19
\MPscratchCnt=\count105
\MPscratchDim=\dimen126
\MPnumerator=\count106
\makeMPintoPDFobject=\count107
\everyMPtoPDFconversion=\toks20
) (D:\MikTex\tex\latex\oberdiek\epstopdf-base.sty
Package: epstopdf-base 2016/05/15 v2.6 Base part for package epstopdf

(D:\MikTex\tex\latex\oberdiek\grfext.sty
Package: grfext 2016/05/16 v1.2 Manage graphics extensions (HO)
)
Package epstopdf-base Info: Redefining graphics rule for `.eps' on input line 4
38.
Package grfext Info: Graphics extension search list:
(grfext)             [.pdf,.png,.jpg,.mps,.jpeg,.jbig2,.jb2,.PDF,.PNG,.JPG,.JPE
G,.JBIG2,.JB2,.eps]
(grfext)             \AppendGraphicsExtensions on input line 456.
)
Package caption Info: Begin \AtBeginDocument code.
Package caption Info: hyperref package is loaded.
Package caption Info: End \AtBeginDocument code.
\AtBeginShipoutBox=\box29
Package hyperref Info: Link coloring ON on input line 47.

(D:\MikTex\tex\latex\hyperref\nameref.sty
Package: nameref 2016/05/21 v2.44 Cross-referencing by name of section

(D:\MikTex\tex\generic\oberdiek\gettitlestring.sty
Package: gettitlestring 2016/05/16 v1.5 Cleanup title references (HO)
)
\c@section@level=\count108
)
LaTeX Info: Redefining \ref on input line 47.
LaTeX Info: Redefining \pageref on input line 47.
LaTeX Info: Redefining \nameref on input line 47.
 (paper.out) (paper.out)
\@outlinefile=\write3
\openout3 = `paper.out'.


[1

{C:/Users/mikeh/AppData/Local/MiKTeX/2.9/pdftex/config/pdftex.map}]
LaTeX Font Info:    External font `cmex10' loaded for size
(Font)              <12> on input line 81.
LaTeX Font Info:    External font `cmex10' loaded for size
(Font)              <8> on input line 81.
LaTeX Font Info:    External font `cmex10' loaded for size
(Font)              <6> on input line 81.
LaTeX Font Info:    Try loading font information for U+lasy on input line 81.

(D:\MikTex\tex\latex\base\ulasy.fd
File: ulasy.fd 1998/08/17 v2.2e LaTeX symbol font definitions
) [2] (paper.toc [1

])
\tf@toc=\write4
\openout4 = `paper.toc'.

 [2] (paper.lof)
\tf@lof=\write5
\openout5 = `paper.lof'.


[3


] (sec1.tex
Kapitel 1.

Underfull \hbox (badness 1960) in paragraph at lines 6--13
\OT1/cmr/m/n/12 und Kom-mu-ni-ka-ti-ons-me-di-um. Da-bei wan-del-ten sich die A
n-spr[]uche an
 []


Underfull \hbox (badness 10000) in paragraph at lines 6--13

 []


Underfull \hbox (badness 10000) in paragraph at lines 6--13

 []

pdfTeX warning (ext4): destination with the same identifier (name{page.1}) has 
been already used, duplicate ignored
<to be read again> 
                   \relax 
l.13 
      [1


])pdfTeX warning (ext4): destination with the same identifier (name{page.2}) ha
s been already used, duplicate ignored
<to be read again> 
                   \relax 
l.128 \clearpage
                 [2] (sec2.tex
Kapitel 2.
[3


]
<../Abbildungen/virtualDom.png, id=319, 903.375pt x 493.845pt>
File: ../Abbildungen/virtualDom.png Graphic file (type png)
<use ../Abbildungen/virtualDom.png>
Package pdftex.def Info: ../Abbildungen/virtualDom.png  used on input line 18.
(pdftex.def)             Requested size: 398.33858pt x 217.75966pt.

Underfull \hbox (badness 10000) in paragraph at lines 15--21

 []

[4 <../Abbildungen/virtualDom.png>]
<../Abbildungen/compHello.png, id=327, 375.20175pt x 26.499pt>
File: ../Abbildungen/compHello.png Graphic file (type png)
<use ../Abbildungen/compHello.png>
Package pdftex.def Info: ../Abbildungen/compHello.png  used on input line 26.
(pdftex.def)             Requested size: 341.43306pt x 24.1145pt.
<../Abbildungen/compContainer.png, id=331, 661.87276pt x 232.4685pt>
File: ../Abbildungen/compContainer.png Graphic file (type png)
<use ../Abbildungen/compContainer.png>
Package pdftex.def Info: ../Abbildungen/compContainer.png  used on input line 3
2.
(pdftex.def)             Requested size: 341.43306pt x 119.92302pt.

Underfull \hbox (badness 10000) in paragraph at lines 30--35

 []

[5 <../Abbildungen/compHello.png> <../Abbildungen/compContainer.png>]
<../Abbildungen/dataflow.png, id=342, 402.50375pt x 320.19624pt>
File: ../Abbildungen/dataflow.png Graphic file (type png)
<use ../Abbildungen/dataflow.png>
Package pdftex.def Info: ../Abbildungen/dataflow.png  used on input line 41.
(pdftex.def)             Requested size: 341.43306pt x 271.6111pt.

Underfull \hbox (badness 1052) in paragraph at lines 38--44
\OT1/cmr/m/n/12 ob und wel-che wei-te-ren Kom-po-nen-ten ver-wen-det wer-den [[
]]. In ei-nem
 []


Underfull \hbox (badness 10000) in paragraph at lines 38--44

 []

[6

 <../Abbildungen/dataflow.png>]
Underfull \hbox (badness 10000) in paragraph at lines 45--47

 []

<../Abbildungen/jsxList.png, id=352, 333.04425pt x 171.64125pt>
File: ../Abbildungen/jsxList.png Graphic file (type png)
<use ../Abbildungen/jsxList.png>
Package pdftex.def Info: ../Abbildungen/jsxList.png  used on input line 50.
(pdftex.def)             Requested size: 341.43306pt x 175.97006pt.
<../Abbildungen/jsxExpression.png, id=355, 364.9635pt x 37.3395pt>
File: ../Abbildungen/jsxExpression.png Graphic file (type png)
<use ../Abbildungen/jsxExpression.png>
Package pdftex.def Info: ../Abbildungen/jsxExpression.png  used on input line 5
6.
(pdftex.def)             Requested size: 341.43306pt x 34.93445pt.
<../Abbildungen/jsxSetResult.png, id=358, 465.53925pt x 186.6975pt>
File: ../Abbildungen/jsxSetResult.png Graphic file (type png)
<use ../Abbildungen/jsxSetResult.png>
Package pdftex.def Info: ../Abbildungen/jsxSetResult.png  used on input line 60
.
(pdftex.def)             Requested size: 341.43306pt x 136.92616pt.

Underfull \hbox (badness 10000) in paragraph at lines 48--63

 []


Underfull \vbox (badness 10000) has occurred while \output is active []

 [7

 <../Abbildungen/jsxList.png>]
Underfull \hbox (badness 1803) in paragraph at lines 64--67
\OT1/cmr/m/n/12 m[]oglich vor-her de-fi-nier-te Funk-tio-nen und vo-r-im-ple-me
n-tier-te Ja-vaS-cript
 []


Underfull \hbox (badness 1596) in paragraph at lines 64--67
\OT1/cmr/m/n/12 vor-he-ri-gen Kom-pi-lier-schritt vom Brow-ser ge-le-sen und in
-ter-pre-tiert. Da
 []


Underfull \hbox (badness 1308) in paragraph at lines 64--67
\OT1/cmr/m/n/12 Babel-Projekts, wel-ches auch von den groen React-Nutzern Fa-c
e-book,
 []


Underfull \hbox (badness 10000) in paragraph at lines 64--67

 []


Underfull \hbox (badness 10000) in paragraph at lines 68--71

 []


Underfull \vbox (badness 10000) has occurred while \output is active []

 [8 <../Abbildungen/jsxExpression.png> <../Abbildungen/jsxSetResult.png>] [9]
Underfull \hbox (badness 10000) in paragraph at lines 78--79

 []

<../Abbildungen/reactVueAng.png, id=387, 866.63776pt x 461.92575pt>
File: ../Abbildungen/reactVueAng.png Graphic file (type png)
<use ../Abbildungen/reactVueAng.png>
Package pdftex.def Info: ../Abbildungen/reactVueAng.png  used on input line 88.

(pdftex.def)             Requested size: 341.43306pt x 181.9829pt.

Underfull \hbox (badness 1005) in paragraph at lines 83--94
\OT1/cmr/m/n/12 auf. Wie Re-act ver-wen-det auch Vue ei-ne vir-tu-el-le DOM, ar
-bei-tet mit
 []


Underfull \hbox (badness 10000) in paragraph at lines 83--94

 []


Underfull \hbox (badness 10000) in paragraph at lines 83--94

 []


Underfull \hbox (badness 1910) in paragraph at lines 83--94
\OT1/cmr/m/n/12 Vue kann als viel-ver-spre-chen-de Al-ter-na-ti-ve zu Re-act ge
-se-hen wer-den.
 []

[10]
Underfull \vbox (badness 10000) has occurred while \output is active []

 [11 <../Abbildungen/reactVueAng.png>]
Underfull \hbox (badness 10000) in paragraph at lines 95--98

 []


Underfull \hbox (badness 10000) in paragraph at lines 99--102

 []

)
Underfull \hbox (badness 10000) in paragraph at lines 103--132

 []


Underfull \hbox (badness 1354) in paragraph at lines 103--132
\OT1/cmr/m/n/12 Diese Sach-ver-hal-te f[]uhren zu fol-gen-der Schlussfol-ge-run
g: Mo-men-tan ist
 []

[12] [13] (sec3.tex
Kapitel 3.
<../Abbildungen/npmRunStart.png, id=411, 420.97275pt x 134.30174pt>
File: ../Abbildungen/npmRunStart.png Graphic file (type png)
<use ../Abbildungen/npmRunStart.png>
Package pdftex.def Info: ../Abbildungen/npmRunStart.png  used on input line 13.

(pdftex.def)             Requested size: 398.33858pt x 127.07974pt.

Underfull \vbox (badness 10000) has occurred while \output is active []

 [14


]
[15 <../Abbildungen/npmRunStart.png>]
<../Abbildungen/domContainer.png, id=428, 667.293pt x 96.36pt>
File: ../Abbildungen/domContainer.png Graphic file (type png)
<use ../Abbildungen/domContainer.png>
Package pdftex.def Info: ../Abbildungen/domContainer.png  used on input line 24
.
(pdftex.def)             Requested size: 398.33858pt x 57.52235pt.
<../Abbildungen/buttonScript.png, id=431, 312.56775pt x 428.802pt>
File: ../Abbildungen/buttonScript.png Graphic file (type png)
<use ../Abbildungen/buttonScript.png>
Package pdftex.def Info: ../Abbildungen/buttonScript.png  used on input line 28
.
(pdftex.def)             Requested size: 227.62204pt x 312.27042pt.
<../Abbildungen/scriptLines.png, id=434, 666.0885pt x 187.902pt>
File: ../Abbildungen/scriptLines.png Graphic file (type png)
<use ../Abbildungen/scriptLines.png>
Package pdftex.def Info: ../Abbildungen/scriptLines.png  used on input line 35.

(pdftex.def)             Requested size: 398.33858pt x 112.3722pt.

Underfull \hbox (badness 10000) in paragraph at lines 22--39

 []


Underfull \vbox (badness 10000) has occurred while \output is active []

 [16

 <../Abbildungen/domContainer.png> <../Abbildungen/buttonScript.png>] [17 <../A
bbildungen/scriptLines.png>]
<../Abbildungen/devTools.png, id=449, 642.4pt x 401.5pt>
File: ../Abbildungen/devTools.png Graphic file (type png)
<use ../Abbildungen/devTools.png>
Package pdftex.def Info: ../Abbildungen/devTools.png  used on input line 44.
(pdftex.def)             Requested size: 398.33858pt x 248.9703pt.

Underfull \hbox (badness 1270) in paragraph at lines 41--47
\OT1/cmr/m/n/12 F[]ur die Brow-ser Goo-gle Chro-me und Mo-zil-la Fi-re-fox bie-
tet Fa-ce-book
 []


Underfull \hbox (badness 10000) in paragraph at lines 41--47

 []

) [18

 <../Abbildungen/devTools.png>] (sec4.tex
Kapitel 4.

Underfull \vbox (badness 10000) has occurred while \output is active []

 [19


]
<../Abbildungen/AblaufLehrtools.png, id=458, 722.09775pt x 385.44pt>
File: ../Abbildungen/AblaufLehrtools.png Graphic file (type png)
<use ../Abbildungen/AblaufLehrtools.png>
Package pdftex.def Info: ../Abbildungen/AblaufLehrtools.png  used on input line
 11.
(pdftex.def)             Requested size: 426.79134pt x 227.80756pt.

Underfull \hbox (badness 10000) in paragraph at lines 9--14

 []

<../Abbildungen/javaAusgabe.png, id=461, 629.35126pt x 340.8735pt>
File: ../Abbildungen/javaAusgabe.png Graphic file (type png)
<use ../Abbildungen/javaAusgabe.png>
Package pdftex.def Info: ../Abbildungen/javaAusgabe.png  used on input line 28.

(pdftex.def)             Requested size: 398.33858pt x 215.75008pt.

Underfull \hbox (badness 1264) in paragraph at lines 19--32
\OT1/cmr/m/n/12 Die Teil-schrit-te und das End-er-geb-nis wer-den []uber die Ko
m-man-do-zei-le
 []


Underfull \hbox (badness 10000) in paragraph at lines 19--32

 []


Underfull \hbox (badness 10000) in paragraph at lines 19--32

 []

[20 <../Abbildungen/AblaufLehrtools.png>]
Underfull \vbox (badness 10000) has occurred while \output is active []

 [21]
[22 <../Abbildungen/javaAusgabe.png>]
<../Abbildungen/eingabe.png, id=479, 408.92775pt x 228.25275pt>
File: ../Abbildungen/eingabe.png Graphic file (type png)
<use ../Abbildungen/eingabe.png>
Package pdftex.def Info: ../Abbildungen/eingabe.png  used on input line 40.
(pdftex.def)             Requested size: 408.92674pt x 228.25218pt.
<../Abbildungen/formulaInput.png, id=482, 552.8655pt x 123.46124pt>
File: ../Abbildungen/formulaInput.png Graphic file (type png)
<use ../Abbildungen/formulaInput.png>
Package pdftex.def Info: ../Abbildungen/formulaInput.png  used on input line 43
.
(pdftex.def)             Requested size: 398.33858pt x 88.95605pt.
<../Abbildungen/handleChange.png, id=485, 374.5995pt x 81.30376pt>
File: ../Abbildungen/handleChange.png Graphic file (type png)
<use ../Abbildungen/handleChange.png>
Package pdftex.def Info: ../Abbildungen/handleChange.png  used on input line 49
.
(pdftex.def)             Requested size: 398.33858pt x 86.45695pt.
<../Abbildungen/axiosResolution.png, id=488, 410.13225pt x 183.68625pt>
File: ../Abbildungen/axiosResolution.png Graphic file (type png)
<use ../Abbildungen/axiosResolution.png>
Package pdftex.def Info: ../Abbildungen/axiosResolution.png  used on input line
 58.
(pdftex.def)             Requested size: 398.33858pt x 178.40524pt.

Underfull \vbox (badness 10000) has occurred while \output is active []

 [23

 <../Abbildungen/eingabe.png> <../Abbildungen/formulaInput.png>]
<../Abbildungen/steps.png, id=496, 523.9575pt x 396.2805pt>
File: ../Abbildungen/steps.png Graphic file (type png)
<use ../Abbildungen/steps.png>
Package pdftex.def Info: ../Abbildungen/steps.png  used on input line 65.
(pdftex.def)             Requested size: 398.33858pt x 301.2791pt.

Underfull \hbox (badness 10000) in paragraph at lines 62--68

 []


Underfull \vbox (badness 10000) has occurred while \output is active []

 [24 <../Abbildungen/handleChange.png> <../Abbildungen/axiosResolution.png>] [2
5 <../Abbildungen/steps.png>]
Underfull \hbox (badness 10000) in paragraph at lines 73--74

 []


Underfull \hbox (badness 10000) in paragraph at lines 75--76

 []


Underfull \hbox (badness 10000) in paragraph at lines 77--78

 []


Underfull \hbox (badness 10000) in paragraph at lines 79--85

 []

)
Underfull \hbox (badness 10000) in paragraph at lines 86--139

 []


Underfull \hbox (badness 10000) in paragraph at lines 86--139

 []


Underfull \vbox (badness 10000) has occurred while \output is active []

 [26

]
[27]
Overfull \hbox (26.80728pt too wide) in paragraph at lines 175--179
[][]\OT1/cmr/m/n/12 https://www.theseus.fi/bitstream/handle/10024/130495/FInal[
]Year[]Thesis.pdf[][] 
 []


Underfull \hbox (badness 10000) in paragraph at lines 181--185
[][]\OT1/cmr/m/n/12 http://www.r-5.org/files/books/computers/languages/escss/w-

 []


Underfull \hbox (badness 10000) in paragraph at lines 186--190
[][]\OT1/cmr/m/n/12 https://medium.com/@gianluca.guarini/things-nobody-will-tel
l-you-
 []

[28


]
Underfull \hbox (badness 10000) in paragraph at lines 216--220
[][]\OT1/cmr/m/n/12 https://reactjs.org/docs/add-react-to-a-website.html[][] Au
f-ge-ru-fen am
 []


Underfull \hbox (badness 10000) in paragraph at lines 233--237
[][]\OT1/cmr/m/n/12 https://trends.google.de/trends/explore?cat=31&date=today%2
05-
 []


Underfull \hbox (badness 10000) in paragraph at lines 239--243
[][]\OT1/cmr/m/n/12 https://chrome.google.com/webstore/detail/react-developer-
 []

[29]
Package atveryend Info: Empty hook `BeforeClearDocument' on input line 268.
 [30

]
Package atveryend Info: Empty hook `AfterLastShipout' on input line 268.
 (paper.aux)
Package atveryend Info: Executing hook `AtVeryEndDocument' on input line 268.
Package atveryend Info: Executing hook `AtEndAfterFileList' on input line 268.
Package rerunfilecheck Info: File `paper.out' has not changed.
(rerunfilecheck)             Checksum: FF92BF13DB01E699BC54ABF5FD29EFE6;1931.


LaTeX Warning: There were multiply-defined labels.

Package atveryend Info: Empty hook `AtVeryVeryEnd' on input line 268.
 ) 
Here is how much of TeX's memory you used:
 6722 strings out of 492973
 102724 string characters out of 3143879
 201185 words of memory out of 3000000
 10407 multiletter control sequences out of 15000+200000
 10725 words of font info for 39 fonts, out of 3000000 for 9000
 1141 hyphenation exceptions out of 8191
 36i,7n,42p,1270b,425s stack positions out of 5000i,500n,10000p,200000b,50000s
<D:/MikTex/fonts/type1/public/amsfonts/cm/cmbx10.pfb><D:/MikTex/fonts/type1/p
ublic/amsfonts/cm/cmbx12.pfb><D:/MikTex/fonts/type1/public/amsfonts/cm/cmcsc10.
pfb><D:/MikTex/fonts/type1/public/amsfonts/cm/cmr10.pfb><D:/MikTex/fonts/type1/
public/amsfonts/cm/cmr12.pfb><D:/MikTex/fonts/type1/public/amsfonts/cm/cmr17.pf
b><D:/MikTex/fonts/type1/public/amsfonts/cm/cmsl12.pfb><D:/MikTex/fonts/type1/p
ublic/amsfonts/cm/cmti12.pfb>
Output written on paper.pdf (35 pages, 896073 bytes).
PDF statistics:
 603 PDF objects out of 1000 (max. 8388607)
 100 named destinations out of 1000 (max. 500000)
 349 words of extra memory for PDF output out of 10000 (max. 10000000)

