\BOOKMARK [0][-]{chapter*.3}{Abbildungsverzeichnis}{}% 1
\BOOKMARK [0][-]{chapter*.4}{Tabellenverzeichnis}{}% 2
\BOOKMARK [0][-]{chapter*.5}{Abk\374rzungsverzeichnis}{}% 3
\BOOKMARK [0][-]{chapter.1}{Einleitung}{}% 4
\BOOKMARK [0][-]{chapter.2}{React - Theorie und Evaluation}{}% 5
\BOOKMARK [1][-]{section.2.1}{Motivation}{chapter.2}% 6
\BOOKMARK [1][-]{section.2.2}{Architektur}{chapter.2}% 7
\BOOKMARK [2][-]{subsection.2.2.1}{Virtual DOM}{section.2.2}% 8
\BOOKMARK [2][-]{subsection.2.2.2}{Komponenten}{section.2.2}% 9
\BOOKMARK [2][-]{subsection.2.2.3}{Unidirektionaler Datenfluss}{section.2.2}% 10
\BOOKMARK [2][-]{subsection.2.2.4}{JSX}{section.2.2}% 11
\BOOKMARK [1][-]{section.2.3}{React Native}{chapter.2}% 12
\BOOKMARK [1][-]{section.2.4}{St\344rken}{chapter.2}% 13
\BOOKMARK [1][-]{section.2.5}{Kritik}{chapter.2}% 14
\BOOKMARK [1][-]{section.2.6}{Alternative Frameworks und Bibliotheken}{chapter.2}% 15
\BOOKMARK [1][-]{section.2.7}{Fazit}{chapter.2}% 16
\BOOKMARK [0][-]{chapter.3}{React in der Praxis}{}% 17
\BOOKMARK [1][-]{section.3.1}{Entwicklungsumgebung}{chapter.3}% 18
\BOOKMARK [2][-]{subsection.3.1.1}{Nodejs}{section.3.1}% 19
\BOOKMARK [2][-]{subsection.3.1.2}{Toolchains f\374r React}{section.3.1}% 20
\BOOKMARK [1][-]{section.3.2}{React in HTML-Seiten einf\374gen}{chapter.3}% 21
\BOOKMARK [0][-]{chapter.4}{Logik Lehrtools mit React}{}% 22
\BOOKMARK [1][-]{section.4.1}{Ablauf}{chapter.4}% 23
\BOOKMARK [1][-]{section.4.2}{Anpassung der Java Software}{chapter.4}% 24
\BOOKMARK [1][-]{section.4.3}{Webserver}{chapter.4}% 25
\BOOKMARK [1][-]{section.4.4}{React Applikation}{chapter.4}% 26
\BOOKMARK [1][-]{section.4.5}{Server API}{chapter.4}% 27
\BOOKMARK [0][-]{section.4.5}{Literaturverzeichnis}{}% 28
